<?xml version="1.0" encoding="UTF-8"?>
<!-- Generated by org.testng.reporters.JUnitReportReporter -->
<testsuite skipped="0" hostname="DESKTOP-G7PJL0M" name="com.qa.TestCases.HomeTest" tests="1" failures="0" timestamp="14 Aug 2020 11:35:07 GMT" time="78.453" errors="0">
  <testcase name="verifyUsername" time="78.453" classname="com.qa.TestCases.HomeTest"/>
</testsuite> <!-- com.qa.TestCases.HomeTest -->
