<?xml version="1.0" encoding="UTF-8"?>
<!-- Generated by org.testng.reporters.JUnitReportReporter -->
<testsuite skipped="0" hostname="DESKTOP-G7PJL0M" name="com.qa.TestCases.LoginTest" tests="5" failures="0" timestamp="14 Aug 2020 11:35:07 GMT" time="223.504" errors="0">
  <testcase name="verifyLoginTest" time="35.272" classname="com.qa.TestCases.LoginTest"/>
  <testcase name="verifyPageTitle" time="36.422" classname="com.qa.TestCases.LoginTest"/>
  <testcase name="verifyinvalidLoginLogout" time="49.160" classname="com.qa.TestCases.LoginTest"/>
  <testcase name="verifyForgotPass" time="32.298" classname="com.qa.TestCases.LoginTest"/>
  <testcase name="verifyThatGoto" time="70.352" classname="com.qa.TestCases.LoginTest"/>
</testsuite> <!-- com.qa.TestCases.LoginTest -->
