<?xml version="1.0" encoding="UTF-8"?>
<!-- Generated by org.testng.reporters.JUnitReportReporter -->
<testsuite skipped="0" hostname="DESKTOP-G7PJL0M" name="com.qa.TestCases.LoginTest" tests="5" failures="0" timestamp="14 Aug 2020 10:51:21 GMT" time="254.536" errors="0">
  <testcase name="verifyLoginTest" time="42.999" classname="com.qa.TestCases.LoginTest"/>
  <testcase name="verifyPageTitle" time="35.795" classname="com.qa.TestCases.LoginTest"/>
  <testcase name="verifyinvalidLoginLogout" time="31.699" classname="com.qa.TestCases.LoginTest"/>
  <testcase name="verifyForgotPass" time="65.206" classname="com.qa.TestCases.LoginTest"/>
  <testcase name="verifyThatGoto" time="78.837" classname="com.qa.TestCases.LoginTest"/>
</testsuite> <!-- com.qa.TestCases.LoginTest -->
