<?xml version="1.0" encoding="UTF-8"?>
<!-- Generated by org.testng.reporters.JUnitReportReporter -->
<testsuite skipped="0" hostname="DESKTOP-G7PJL0M" name="com.qa.TestCases.LoginTest" tests="5" failures="0" timestamp="10 Aug 2020 14:58:55 GMT" time="310.536" errors="0">
  <testcase name="verifyLoginTest" time="49.237" classname="com.qa.TestCases.LoginTest"/>
  <testcase name="verifyPageTitle" time="45.756" classname="com.qa.TestCases.LoginTest"/>
  <testcase name="verifyinvalidLoginLogout" time="49.786" classname="com.qa.TestCases.LoginTest"/>
  <testcase name="verifyForgotPass" time="64.653" classname="com.qa.TestCases.LoginTest"/>
  <testcase name="verifyThatGoto" time="101.104" classname="com.qa.TestCases.LoginTest"/>
</testsuite> <!-- com.qa.TestCases.LoginTest -->
